<?xml version="1.0" encoding="UTF-8"?>
<testsuite xmlns:xsi="http://www.w3.org/2001/XMLSchema-instance" xsi:noNamespaceSchemaLocation="https://maven.apache.org/surefire/maven-surefire-plugin/xsd/surefire-test-report.xsd" name="automatizacionAspor.AUTOMATIZACIONASPOR.Produccion_Recepcion_Test" time="203.508" tests="1" errors="1" skipped="0" failures="0">
  <properties>
[...]
</properties>
  <testcase name="ingresar_Recepcion_Poliza_Exitoso" classname="automatizacionAspor.AUTOMATIZACIONASPOR.Produccion_Recepcion_Test" time="203.508">
    <error message="Expected condition failed: waiting for presence of element located by: By.partialLinkText: Recepción (tried for 60 second(s) with 500 milliseconds interval)" type="org.openqa.selenium.TimeoutException">org.openqa.selenium.TimeoutException: Expected condition failed: waiting for presence of element located by: By.partialLinkText: Recepción (tried for 60 second(s) with 500 milliseconds interval)
	at automatizacionAspor.AUTOMATIZACIONASPOR.Produccion_Recepcion_Test.ingresar_Recepcion_Poliza_Exitoso(Produccion_Recepcion_Test.java:256)
Caused by: org.openqa.selenium.NoSuchElementException: 
no such element: Unable to locate element: {"method":"partial link text","selector":"Recepción"}
  (Session info: chrome=89.0.4389.114)
For documentation on this error, please visit: https://www.seleniumhq.org/exceptions/no_such_element.html
Build info: version: '3.141.59', revision: 'e82be7d358', time: '2018-11-14T08:17:03'
System info: host: 'DESKTOP-LI3EA6Q', ip: '10.212.134.211', os.name: 'Windows 10', os.arch: 'amd64', os.version: '10.0', java.version: '1.8.0_211'
Driver info: org.openqa.selenium.remote.RemoteWebDriver
Capabilities {acceptInsecureCerts: false, browserName: chrome, browserVersion: 89.0.4389.114, chrome: {chromedriverVersion: 89.0.4389.23 (61b08ee2c5002..., userDataDir: /tmp/.com.google.Chrome.Yr13UW}, goog:chromeOptions: {debuggerAddress: localhost:41405}, javascriptEnabled: true, networkConnectionEnabled: false, pageLoadStrategy: normal, platform: LINUX, platformName: LINUX, proxy: Proxy(), se:cdp: http://172.17.0.2:4444/sess..., se:cdpVersion: 89.0.4389.114, setWindowRect: true, strictFileInteractability: false, timeouts: {implicit: 0, pageLoad: 300000, script: 30000}, unhandledPromptBehavior: dismiss and notify, webauthn:extension:largeBlob: true, webauthn:virtualAuthenticators: true}
Session ID: 17373f2849930ffbf04394ca8addecad
*** Element info: {Using=partial link text, value=Recepción}
	at automatizacionAspor.AUTOMATIZACIONASPOR.Produccion_Recepcion_Test.ingresar_Recepcion_Poliza_Exitoso(Produccion_Recepcion_Test.java:256)
</error>
    <system-err><![CDATA[abr 13, 2021 12:01:36 PM org.openqa.selenium.remote.ProtocolHandshake createSession
INFORMACIÓN: Detected dialect: W3C
]]></system-err>
  </testcase>
</testsuite>